<?xml version="1.0" encoding="UTF-8"?>
<!-- Generated by org.testng.reporters.JUnitXMLReporter -->
<testsuite ignored="0" hostname="DESKTOP-3UGTBIN" failures="0" tests="1" name="Surefire test" time="32.871" errors="0" timestamp="2024-11-26T23:05:31 IST">
  <testcase classname="ScratchAutomationProject.BDDCucumber_SeleniumANDJunit.AppTest" name="shouldAnswerWithTrue on shouldAnswerWithTrue(ScratchAutomationProject.BDDCucumber_SeleniumANDJunit.AppTest)" time="0.009"/>
</testsuite> <!-- Surefire test -->
